TN:
SF:src/config.ts
FNF:0
FNH:0
DA:1,6
DA:2,6
DA:3,6
DA:4,6
DA:5,6
DA:6,6
LF:6
LH:6
BRDA:2,0,0,6
BRDA:2,0,1,6
BRDA:3,1,0,6
BRDA:3,1,1,6
BRDA:4,2,0,6
BRDA:4,2,1,6
BRDA:5,3,0,6
BRDA:5,3,1,6
BRDA:6,4,0,6
BRDA:6,4,1,6
BRF:10
BRH:10
end_of_record
TN:
SF:src/db.ts
FNF:0
FNH:0
DA:1,6
DA:3,6
DA:5,6
DA:7,6
DA:8,0
DA:11,6
LF:6
LH:5
BRDA:5,0,0,6
BRDA:5,0,1,0
BRDA:7,1,0,0
BRDA:7,1,1,6
BRF:4
BRH:2
end_of_record
TN:
SF:src/index.ts
FN:4,(anonymous_0)
FNF:1
FNH:0
FNDA:0,(anonymous_0)
DA:1,0
DA:2,0
DA:4,0
DA:5,0
LF:4
LH:0
BRF:0
BRH:0
end_of_record
TN:
SF:src/knexfile.ts
FNF:0
FNH:0
DA:3,6
DA:5,6
DA:23,6
DA:42,6
DA:47,6
LF:5
LH:5
BRF:0
BRH:0
end_of_record
TN:
SF:src/server.ts
FN:6,(anonymous_1)
FNF:1
FNH:1
FNDA:13,(anonymous_1)
DA:1,5
DA:2,5
DA:4,5
DA:6,5
DA:7,13
DA:8,13
DA:11,3
DA:12,3
DA:13,3
DA:18,3
DA:22,0
DA:23,0
DA:24,0
DA:27,0
DA:30,0
DA:31,0
DA:35,5
DA:36,5
DA:37,5
DA:38,5
DA:40,5
LF:21
LH:15
BRDA:11,0,0,3
BRDA:11,0,1,0
BRDA:22,1,0,0
BRDA:22,1,1,0
BRDA:22,2,0,0
BRDA:22,2,1,0
BRDA:22,3,0,0
BRDA:22,3,1,0
BRDA:22,4,0,0
BRDA:22,4,1,0
BRF:10
BRH:1
end_of_record
TN:
SF:src/apiV1/createIssue.ts
FN:7,(anonymous_0)
FN:10,(anonymous_1)
FN:14,(anonymous_2)
FNF:3
FNH:3
FNDA:1,(anonymous_0)
FNDA:2,(anonymous_1)
FNDA:2,(anonymous_2)
DA:3,5
DA:7,5
DA:8,1
DA:10,5
DA:11,2
DA:13,2
DA:14,2
DA:15,2
DA:27,2
DA:32,2
DA:33,1
DA:34,1
DA:35,1
DA:36,1
DA:38,2
DA:43,2
DA:46,0
DA:47,0
LF:18
LH:16
BRDA:32,0,0,1
BRDA:32,0,1,1
BRF:2
BRH:2
end_of_record
TN:
SF:src/apiV1/getAgents.ts
FN:7,(anonymous_0)
FNF:1
FNH:1
FNDA:1,(anonymous_0)
DA:3,5
DA:7,5
DA:8,1
DA:9,1
LF:4
LH:4
BRF:0
BRH:0
end_of_record
TN:
SF:src/apiV1/getIssues.ts
FN:7,(anonymous_0)
FNF:1
FNH:1
FNDA:3,(anonymous_0)
DA:3,5
DA:7,5
DA:8,3
DA:10,3
DA:11,3
DA:12,1
DA:14,3
DA:15,1
DA:17,3
DA:18,3
LF:10
LH:10
BRDA:11,0,0,1
BRDA:11,0,1,2
BRDA:14,1,0,1
BRDA:14,1,1,2
BRF:4
BRH:4
end_of_record
TN:
SF:src/apiV1/index.ts
FN:22,(anonymous_7)
FNF:1
FNH:1
FNDA:1,(anonymous_7)
DA:1,5
DA:3,5
DA:4,5
DA:5,5
DA:6,5
DA:8,5
DA:10,5
DA:12,5
DA:22,1
DA:25,5
DA:40,5
DA:53,5
DA:67,5
DA:76,5
LF:14
LH:14
BRF:0
BRH:0
end_of_record
TN:
SF:src/apiV1/resolveIssue.ts
FN:7,(anonymous_0)
FN:9,(anonymous_1)
FN:44,(anonymous_2)
FNF:3
FNH:3
FNDA:3,(anonymous_0)
FNDA:3,(anonymous_1)
FNDA:3,(anonymous_2)
DA:3,5
DA:7,5
DA:9,3
DA:10,3
DA:13,3
DA:14,1
DA:16,2
DA:17,2
DA:19,2
DA:27,2
DA:28,1
DA:29,1
DA:38,1
DA:41,3
DA:44,5
DA:46,3
DA:48,3
DA:49,3
DA:50,3
DA:51,1
DA:54,0
DA:55,0
LF:22
LH:20
BRDA:13,0,0,1
BRDA:13,0,1,2
BRDA:27,1,0,1
BRDA:27,1,1,1
BRDA:27,2,0,1
BRDA:27,2,1,1
BRDA:27,3,0,2
BRDA:27,3,1,1
BRDA:50,4,0,1
BRDA:50,4,1,2
BRF:10
BRH:10
end_of_record
TN:
SF:src/apiV1/validators.ts
FNF:0
FNH:0
DA:1,5
DA:2,5
DA:4,5
DA:8,5
DA:11,5
DA:14,5
DA:20,5
DA:25,5
DA:33,5
DA:36,5
DA:42,5
DA:50,5
DA:56,5
LF:13
LH:13
BRF:0
BRH:0
end_of_record
TN:
SF:src/migrations/0001_agents_table.ts
FN:3,(anonymous_0)
FN:4,(anonymous_1)
FN:9,(anonymous_2)
FNF:3
FNH:3
FNDA:2,(anonymous_0)
FNDA:2,(anonymous_1)
FNDA:2,(anonymous_2)
DA:3,1
DA:4,2
DA:5,2
DA:6,2
DA:9,1
DA:10,2
LF:6
LH:6
BRF:0
BRH:0
end_of_record
TN:
SF:src/migrations/0002_issues_table.ts
FN:3,(anonymous_0)
FN:4,(anonymous_1)
FN:15,(anonymous_2)
FNF:3
FNH:3
FNDA:2,(anonymous_0)
FNDA:2,(anonymous_1)
FNDA:2,(anonymous_2)
DA:3,1
DA:4,2
DA:5,2
DA:6,2
DA:7,2
DA:8,2
DA:9,2
DA:10,2
DA:12,2
DA:15,1
DA:16,2
LF:11
LH:11
BRF:0
BRH:0
end_of_record
TN:
SF:src/seeds/01_agents.ts
FN:6,(anonymous_0)
FN:12,(anonymous_1)
FNF:2
FNH:2
FNDA:1,(anonymous_0)
FNDA:3,(anonymous_1)
DA:2,1
DA:4,1
DA:6,1
DA:7,1
DA:8,1
DA:9,1
DA:13,3
LF:7
LH:7
BRF:0
BRH:0
end_of_record
